import time: self [us] | cumulative | imported package
import time:        90 |         90 | winreg
import time:       200 |        200 |   _io
import time:        33 |         33 |   marshal
import time:       176 |        176 |   nt
import time:       304 |        712 | _frozen_importlib_external
import time:       798 |        798 |   time
import time:        99 |        896 | zipimport
import time:        52 |         52 |     _codecs
import time:       274 |        325 |   codecs
import time:      1145 |       1145 |   encodings.aliases
import time:      1861 |       3331 | encodings
import time:       584 |        584 | encodings.utf_8
import time:        50 |         50 | _signal
import time:        34 |         34 |     _abc
import time:       104 |        137 |   abc
import time:       118 |        254 | io
import time:       110 |        110 |       _stat
import time:       114 |        224 |     stat
import time:      1138 |       1138 |     _collections_abc
import time:        53 |         53 |       genericpath
import time:       208 |        208 |       _winapi
import time:       110 |        371 |     ntpath
import time:       385 |       2116 |   os
import time:        69 |         69 |   _sitebuiltins
import time:       933 |        933 |   types
import time:      1027 |       1027 |       warnings
import time:       630 |       1657 |     importlib
import time:       644 |        644 |     importlib._abc
import time:       146 |        146 |           itertools
import time:       557 |        557 |           keyword
import time:       103 |        103 |             _operator
import time:       990 |       1093 |           operator
import time:       677 |        677 |           reprlib
import time:        79 |         79 |           _collections
import time:      1372 |       3923 |         collections
import time:       123 |        123 |         _functools
import time:      1377 |       5422 |       functools
import time:       674 |        674 |       _weakrefset
import time:      1101 |       7197 |     threading
import time:       166 |       9662 |   importlib.util
import time:        75 |         75 |   importlib.machinery
import time:      1219 |       1219 |   _distutils_hack
import time:       767 |        767 |     pywin32_system32
import time:      1276 |       2043 |   pywin32_bootstrap
import time:       415 |        415 |   sitecustomize
import time:       390 |        390 |   usercustomize
import time:     15793 |      32712 | site
import time:      1810 |       1810 |       enum
import time:        85 |         85 |         _sre
import time:       988 |        988 |           re._constants
import time:       744 |       1731 |         re._parser
import time:       673 |        673 |         re._casefix
import time:      1017 |       3505 |       re._compiler
import time:       686 |        686 |       copyreg
import time:      1125 |       7125 |     re
import time:      1167 |       1167 |     gettext
import time:      1652 |       9943 |   argparse
import time:       678 |        678 |       collections.abc
import time:      1249 |       1249 |       contextlib
import time:        72 |         72 |       _typing
import time:      4706 |       6704 |     typing
import time:       109 |        109 |               mmap
import time:      1563 |       1672 |             smmap.util
import time:      1711 |       3383 |           smmap.mman
import time:      1383 |       1383 |           smmap.buf
import time:      2461 |       7226 |         smmap
import time:       152 |        152 |             binascii
import time:        82 |         82 |             errno
import time:     10724 |      10724 |               _hashlib
import time:       104 |        104 |               _blake2
import time:       776 |      11604 |             hashlib
import time:       125 |        125 |               _struct
import time:       909 |       1034 |             struct
import time:      1326 |       1326 |             gitdb.const
import time:      1460 |      15654 |           gitdb.util
import time:        99 |         99 |             zlib
import time:      1237 |       1237 |               gitdb.utils
import time:      1279 |       2515 |             gitdb.utils.encoding
import time:       689 |        689 |             gitdb.typ
import time:       483 |        483 |               gitdb_speedups
import time:        31 |        514 |             gitdb_speedups._perf
import time:      1980 |       5796 |           gitdb.fun
import time:      2001 |      23451 |         gitdb.base
import time:      1092 |       1092 |             gitdb.exc
import time:      1581 |       2672 |           gitdb.db.base
import time:       551 |        551 |                 gitdb_speedups
import time:        54 |        605 |               gitdb_speedups._perf
import time:      6686 |       7291 |             gitdb.stream
import time:       437 |        437 |                     posix
import time:        73 |        509 |                   posixpath
import time:       602 |       1110 |                 fnmatch
import time:       705 |        705 |                   _compression
import time:      1150 |       1150 |                   _bz2
import time:       673 |       2527 |                 bz2
import time:      1274 |       1274 |                   _lzma
import time:       728 |       2002 |                 lzma
import time:      1134 |       6772 |               shutil
import time:       103 |        103 |                 math
import time:        45 |         45 |                   _bisect
import time:       607 |        652 |                 bisect
import time:        41 |         41 |                 _random
import time:        53 |         53 |                 _sha2
import time:       941 |       1789 |               random
import time:      1069 |       1069 |               weakref
import time:      1068 |      10697 |             tempfile
import time:      8066 |      26053 |           gitdb.db.loose
import time:      1528 |       1528 |           gitdb.db.mem
import time:       494 |        494 |                 gitdb_speedups
import time:        42 |        536 |               gitdb_speedups._perf
import time:       107 |        107 |               array
import time:      2028 |       2670 |             gitdb.pack
import time:       914 |        914 |             glob
import time:      1607 |       5190 |           gitdb.db.pack
import time:      1003 |       1003 |             gitdb.db.ref
import time:      1198 |       2200 |           gitdb.db.git
import time:      2019 |      39661 |         gitdb.db
import time:      3038 |      73374 |       gitdb
import time:        37 |      73410 |     gitdb.util
import time:        81 |         81 |           _locale
import time:      1322 |       1402 |         locale
import time:      1193 |       2595 |       git.compat
import time:       502 |        502 |           termios
import time:       145 |        145 |           msvcrt
import time:       683 |       1329 |         getpass
import time:       596 |        596 |                 token
import time:        61 |         61 |                 _tokenize
import time:      1655 |       2311 |               tokenize
import time:       802 |       3112 |             linecache
import time:      1286 |       1286 |             textwrap
import time:      1313 |       5711 |           traceback
import time:        43 |         43 |             _string
import time:       935 |        978 |           string
import time:        39 |         39 |           atexit
import time:      1926 |       8651 |         logging
import time:       571 |        571 |             urllib
import time:      1528 |       1528 |             ipaddress
import time:      2170 |       4268 |           urllib.parse
import time:       967 |       5235 |         pathlib
import time:      2465 |       2465 |           _wmi
import time:      1066 |       3530 |         platform
import time:       757 |        757 |           signal
import time:       459 |        459 |           fcntl
import time:      1260 |       2476 |         subprocess
import time:      2824 |       2824 |         git.types
import time:      3395 |      27437 |       git.util
import time:      1873 |      31904 |     git.exc
import time:      1933 |       1933 |       configparser
import time:        78 |         78 |           _ast
import time:      1497 |       1575 |         ast
import time:        49 |         49 |             _opcode
import time:      1086 |       1135 |           opcode
import time:      1335 |       2469 |         dis
import time:      2349 |       6391 |       inspect
import time:      3045 |      11368 |     git.config
import time:       159 |        159 |               _datetime
import time:       518 |        676 |             datetime
import time:      1136 |       1812 |           calendar
import time:      2935 |       4746 |         git.objects.util
import time:      1782 |       6527 |       git.objects.base
import time:       957 |        957 |         mimetypes
import time:       988 |       1944 |       git.objects.blob
import time:       562 |        562 |           __future__
import time:      1758 |       2320 |         git.cmd
import time:      2642 |       2642 |         git.diff
import time:       939 |        939 |           git.objects.fun
import time:        61 |         61 |                 gc
import time:       686 |        686 |                   _uuid
import time:       781 |       1466 |                 uuid
import time:      1177 |       1177 |                 git.objects.submodule.util
import time:      2100 |       4802 |               git.objects.submodule.base
import time:      1709 |       1709 |               git.objects.submodule.root
import time:      1415 |       7926 |             git.objects.submodule
import time:        31 |       7957 |           git.objects.submodule.base
import time:      2532 |      11427 |         git.objects.tree
import time:      1847 |      18234 |       git.objects.commit
import time:       870 |        870 |       git.objects.tag
import time:      2008 |      29582 |     git.objects
import time:      1519 |       1519 |             git.refs.log
import time:      1604 |       3123 |           git.refs.symbolic
import time:      1339 |       4461 |         git.refs.reference
import time:      1330 |       5791 |       git.refs.head
import time:       811 |        811 |       git.refs.remote
import time:      1157 |       1157 |       git.refs.tag
import time:      1540 |       9298 |     git.refs
import time:       647 |        647 |     git.db
import time:       896 |        896 |         shlex
import time:       836 |        836 |                 git.index.util
import time:      1053 |       1889 |               git.index.typ
import time:      1310 |       3198 |             git.index.fun
import time:      2435 |       5632 |           git.index.base
import time:      1388 |       7020 |         git.index
import time:      2234 |       2234 |         git.remote
import time:      1206 |       1206 |         git.repo.fun
import time:      2628 |      13982 |       git.repo.base
import time:      1162 |      15144 |     git.repo
import time:    106787 |     284842 |   git
import time:      2342 |     297125 | main
